
Training with beta_scale: 1e-05 and penalty_scale: 1e-10
Traceback (most recent call last):
  File "/home/rsw0/miniforge3/envs/yolanda/lib/python3.9/site-packages/jax/_src/profiler.py", line 335, in wrapper
    return func(*args, **kwargs)
  File "/home/rsw0/miniforge3/envs/yolanda/lib/python3.9/site-packages/jax/_src/compiler.py", line 238, in backend_compile
    return backend.compile(built_c, compile_options=options)
jaxlib.xla_extension.XlaRuntimeError: INTERNAL: ptxas exited with non-zero error code 2, output: : If the error message indicates that a file could not be written, please verify that sufficient filesystem space is provided.
During handling of the above exception, another exception occurred:
Traceback (most recent call last):
  File "/home/rsw0/Desktop/yolanda/temp/CogModRNN/train_disrnn.py", line 286, in <module>
    main(args_dict,
  File "/home/rsw0/Desktop/yolanda/temp/CogModRNN/train_disrnn.py", line 250, in main
    disrnn_params = train_model(args_dict,
  File "/home/rsw0/Desktop/yolanda/temp/CogModRNN/train_disrnn.py", line 196, in train_model
    disrnn_params, opt_state, losses = rnn_utils.fit_model(
  File "/home/rsw0/Desktop/yolanda/temp/CogModelingRNNsTutorial/CogModelingRNNsTutorial/rnn_utils.py", line 336, in fit_model
    params, opt_state, _ = train_model(
  File "/home/rsw0/Desktop/yolanda/temp/CogModelingRNNsTutorial/CogModelingRNNsTutorial/rnn_utils.py", line 180, in train_model
    params = model.init(key1, sample_xs)
  File "/home/rsw0/miniforge3/envs/yolanda/lib/python3.9/site-packages/haiku/_src/transform.py", line 166, in init_fn
    params, state = f.init(*args, **kwargs)
  File "/home/rsw0/miniforge3/envs/yolanda/lib/python3.9/site-packages/haiku/_src/transform.py", line 422, in init_fn
    f(*args, **kwargs)
  File "/home/rsw0/Desktop/yolanda/temp/CogModelingRNNsTutorial/CogModelingRNNsTutorial/rnn_utils.py", line 167, in unroll_network
    ys, _ = hk.dynamic_unroll(core, xs, state)
  File "/home/rsw0/miniforge3/envs/yolanda/lib/python3.9/site-packages/haiku/_src/recurrent.py", line 203, in dynamic_unroll
    scan_result = scan(
  File "/home/rsw0/miniforge3/envs/yolanda/lib/python3.9/site-packages/haiku/_src/stateful.py", line 614, in scan
    init, y0 = f(init, x0)
  File "/home/rsw0/miniforge3/envs/yolanda/lib/python3.9/site-packages/haiku/_src/recurrent.py", line 194, in scan_f
    outputs, next_state = core(inputs, prev_state)
  File "/home/rsw0/miniforge3/envs/yolanda/lib/python3.9/site-packages/haiku/_src/module.py", line 464, in wrapped
    out = f(*args, **kwargs)
  File "/home/rsw0/miniforge3/envs/yolanda/lib/python3.9/contextlib.py", line 79, in inner
    return func(*args, **kwds)
  File "/home/rsw0/miniforge3/envs/yolanda/lib/python3.9/site-packages/haiku/_src/module.py", line 305, in run_interceptors
    return bound_method(*args, **kwargs)
  File "/home/rsw0/Desktop/yolanda/temp/CogModelingRNNsTutorial/CogModelingRNNsTutorial/disrnn.py", line 132, in __call__
    update_mlp_output = hk.nets.MLP(
  File "/home/rsw0/miniforge3/envs/yolanda/lib/python3.9/site-packages/haiku/_src/module.py", line 464, in wrapped
    out = f(*args, **kwargs)
  File "/home/rsw0/miniforge3/envs/yolanda/lib/python3.9/contextlib.py", line 79, in inner
    return func(*args, **kwds)
  File "/home/rsw0/miniforge3/envs/yolanda/lib/python3.9/site-packages/haiku/_src/module.py", line 305, in run_interceptors
    return bound_method(*args, **kwargs)
  File "/home/rsw0/miniforge3/envs/yolanda/lib/python3.9/site-packages/haiku/_src/nets/mlp.py", line 115, in __call__
    out = layer(out)
  File "/home/rsw0/miniforge3/envs/yolanda/lib/python3.9/site-packages/haiku/_src/module.py", line 464, in wrapped
    out = f(*args, **kwargs)
  File "/home/rsw0/miniforge3/envs/yolanda/lib/python3.9/contextlib.py", line 79, in inner
    return func(*args, **kwds)
  File "/home/rsw0/miniforge3/envs/yolanda/lib/python3.9/site-packages/haiku/_src/module.py", line 305, in run_interceptors
    return bound_method(*args, **kwargs)
  File "/home/rsw0/miniforge3/envs/yolanda/lib/python3.9/site-packages/haiku/_src/basic.py", line 186, in __call__
    out = out + b
  File "/home/rsw0/miniforge3/envs/yolanda/lib/python3.9/site-packages/jax/_src/numpy/array_methods.py", line 265, in deferring_binary_op
    return binary_op(*args)
  File "/home/rsw0/miniforge3/envs/yolanda/lib/python3.9/site-packages/jax/_src/traceback_util.py", line 179, in reraise_with_filtered_traceback
    return fun(*args, **kwargs)
  File "/home/rsw0/miniforge3/envs/yolanda/lib/python3.9/site-packages/jax/_src/pjit.py", line 327, in cache_miss
    outs, out_flat, out_tree, args_flat, jaxpr, attrs_tracked = _python_pjit_helper(
  File "/home/rsw0/miniforge3/envs/yolanda/lib/python3.9/site-packages/jax/_src/pjit.py", line 185, in _python_pjit_helper
    out_flat = pjit_p.bind(*args_flat, **params)
  File "/home/rsw0/miniforge3/envs/yolanda/lib/python3.9/site-packages/jax/_src/core.py", line 2834, in bind
    return self.bind_with_trace(top_trace, args, params)
  File "/home/rsw0/miniforge3/envs/yolanda/lib/python3.9/site-packages/jax/_src/core.py", line 420, in bind_with_trace
    out = trace.process_primitive(self, map(trace.full_raise, args), params)
  File "/home/rsw0/miniforge3/envs/yolanda/lib/python3.9/site-packages/jax/_src/core.py", line 921, in process_primitive
    return primitive.impl(*tracers, **params)
  File "/home/rsw0/miniforge3/envs/yolanda/lib/python3.9/site-packages/jax/_src/pjit.py", line 1635, in _pjit_call_impl
    return xc._xla.pjit(
  File "/home/rsw0/miniforge3/envs/yolanda/lib/python3.9/site-packages/jax/_src/pjit.py", line 1614, in call_impl_cache_miss
    out_flat, compiled = _pjit_call_impl_python(
  File "/home/rsw0/miniforge3/envs/yolanda/lib/python3.9/site-packages/jax/_src/pjit.py", line 1536, in _pjit_call_impl_python
    compiled = _resolve_and_lower(
  File "/home/rsw0/miniforge3/envs/yolanda/lib/python3.9/site-packages/jax/_src/interpreters/pxla.py", line 2496, in compile
    executable = UnloadedMeshExecutable.from_hlo(
  File "/home/rsw0/miniforge3/envs/yolanda/lib/python3.9/site-packages/jax/_src/interpreters/pxla.py", line 2995, in from_hlo
    xla_executable = _cached_compilation(
  File "/home/rsw0/miniforge3/envs/yolanda/lib/python3.9/site-packages/jax/_src/interpreters/pxla.py", line 2810, in _cached_compilation
    xla_executable = compiler.compile_or_get_cached(
  File "/home/rsw0/miniforge3/envs/yolanda/lib/python3.9/site-packages/jax/_src/compiler.py", line 378, in compile_or_get_cached
    return _compile_and_write_cache(
  File "/home/rsw0/miniforge3/envs/yolanda/lib/python3.9/site-packages/jax/_src/compiler.py", line 608, in _compile_and_write_cache
    executable = backend_compile(
  File "/home/rsw0/miniforge3/envs/yolanda/lib/python3.9/site-packages/jax/_src/profiler.py", line 335, in wrapper
    return func(*args, **kwargs)
KeyboardInterrupt